<?xml version="1.0" encoding="UTF-8"?>
<!-- Generated by org.testng.reporters.JUnitReportReporter -->
<testsuite hostname="DESKTOP-AS1AOCO" failures="0" tests="1" name="rcb.team.JsonRead" time="0.074" errors="0" timestamp="2022-07-28T17:29:14 IST" skipped="0">
  <testcase classname="rcb.team.JsonRead" name="readfile" time="0.074"/>
  <system-out/>
</testsuite> <!-- rcb.team.JsonRead -->
