<?xml version="1.0" encoding="UTF-8"?>
<!-- Generated by org.testng.reporters.JUnitReportReporter -->
<testsuite hostname="DESKTOP-AS1AOCO" failures="0" tests="1" name="rcb.team.JsonRead" time="0.056" errors="0" timestamp="2022-07-27T03:04:00 IST" skipped="0">
  <testcase classname="rcb.team.JsonRead" name="readfile" time="0.056"/>
  <system-out/>
</testsuite> <!-- rcb.team.JsonRead -->
