<?xml version="1.0" encoding="UTF-8"?>
<!-- Generated by org.testng.reporters.JUnitReportReporter -->
<testsuite hostname="DESKTOP-AS1AOCO" failures="0" tests="2" name="rcb.team.Validate" time="0.052" errors="0" timestamp="2022-07-27T04:01:55 IST" skipped="0">
  <testcase classname="rcb.team.Validate" name="wicketKeeper" time="0.005"/>
  <system-out/>
  <testcase classname="rcb.team.Validate" name="foreignPlayers" time="0.047"/>
  <system-out/>
</testsuite> <!-- rcb.team.Validate -->
