<?xml version="1.0" encoding="UTF-8"?>
<!-- Generated by org.testng.reporters.JUnitReportReporter -->
<testsuite hostname="DESKTOP-AS1AOCO" failures="0" tests="2" name="rcb.team.Validate" time="0.030" errors="0" timestamp="2022-07-29T03:22:49 IST" skipped="0">
  <testcase classname="rcb.team.Validate" name="foreignPlayersCount" time="0.025"/>
  <system-out/>
  <testcase classname="rcb.team.Validate" name="wicketKeeperCount" time="0.005"/>
  <system-out/>
</testsuite> <!-- rcb.team.Validate -->
