<?xml version="1.0" encoding="UTF-8"?>
<!-- Generated by org.testng.reporters.JUnitReportReporter -->
<testsuite hostname="DESKTOP-AS1AOCO" failures="0" tests="2" name="rcb.team.Validate" time="0.029" errors="0" timestamp="2022-07-27T03:28:14 IST" skipped="0">
  <testcase classname="rcb.team.Validate" name="wicketKeeper" time="0.007"/>
  <system-out/>
  <testcase classname="rcb.team.Validate" name="foreignPlayers" time="0.022"/>
  <system-out/>
</testsuite> <!-- rcb.team.Validate -->
